<?xml version="1.0" encoding="UTF-8" ?>
<testsuite tests="31" failures="0" name="com.mycompany.unicafe.KassapaateTest" time="0.176" errors="0" skipped="0">
  <properties>
    <property name="java.runtime.name" value="OpenJDK Runtime Environment"/>
    <property name="sun.boot.library.path" value="/usr/lib/jvm/java-8-openjdk-amd64/jre/lib/amd64"/>
    <property name="java.vm.version" value="25.151-b12"/>
    <property name="java.vm.vendor" value="Oracle Corporation"/>
    <property name="java.vendor.url" value="http://java.oracle.com/"/>
    <property name="path.separator" value=":"/>
    <property name="guice.disable.misplaced.annotation.check" value="true"/>
    <property name="java.vm.name" value="OpenJDK 64-Bit Server VM"/>
    <property name="file.encoding.pkg" value="sun.io"/>
    <property name="user.country" value="US"/>
    <property name="sun.java.launcher" value="SUN_STANDARD"/>
    <property name="sun.os.patch.level" value="unknown"/>
    <property name="java.vm.specification.name" value="Java Virtual Machine Specification"/>
    <property name="user.dir" value="/home/sini/Documents/Sini/Helsingin_yliopisto/Tietojenkasittely/OTM2018_harjoitustyo/laskarit/viikko2/Unicafe"/>
    <property name="java.runtime.version" value="1.8.0_151-8u151-b12-0ubuntu0.16.04.2-b12"/>
    <property name="java.awt.graphicsenv" value="sun.awt.X11GraphicsEnvironment"/>
    <property name="java.endorsed.dirs" value="/usr/lib/jvm/java-8-openjdk-amd64/jre/lib/endorsed"/>
    <property name="os.arch" value="amd64"/>
    <property name="java.io.tmpdir" value="/tmp"/>
    <property name="line.separator" value="
"/>
    <property name="java.vm.specification.vendor" value="Oracle Corporation"/>
    <property name="os.name" value="Linux"/>
    <property name="maven.ext.class.path" value="/home/sini/Netbeans/tmcbeans/java/maven-nblib/netbeans-eventspy.jar"/>
    <property name="classworlds.conf" value="/home/sini/Netbeans/tmcbeans/java/maven/bin/m2.conf"/>
    <property name="sun.jnu.encoding" value="UTF-8"/>
    <property name="java.library.path" value="/usr/lib/jvm/java-8-openjdk-amd64/bin/../jre/lib/amd64:/usr/lib/jvm/java-8-openjdk-amd64/bin/../jre/lib/i386::/usr/java/packages/lib/amd64:/usr/lib/x86_64-linux-gnu/jni:/lib/x86_64-linux-gnu:/usr/lib/x86_64-linux-gnu:/usr/lib/jni:/lib:/usr/lib"/>
    <property name="java.specification.name" value="Java Platform API Specification"/>
    <property name="java.class.version" value="52.0"/>
    <property name="sun.management.compiler" value="HotSpot 64-Bit Tiered Compilers"/>
    <property name="os.version" value="4.4.0-21-generic"/>
    <property name="user.home" value="/home/sini"/>
    <property name="user.timezone" value="Europe/Helsinki"/>
    <property name="java.awt.printerjob" value="sun.print.PSPrinterJob"/>
    <property name="file.encoding" value="UTF-8"/>
    <property name="java.specification.version" value="1.8"/>
    <property name="user.name" value="sini"/>
    <property name="java.class.path" value="/home/sini/Netbeans/tmcbeans/java/maven/boot/plexus-classworlds-2.4.jar"/>
    <property name="java.vm.specification.version" value="1.8"/>
    <property name="sun.arch.data.model" value="64"/>
    <property name="java.home" value="/usr/lib/jvm/java-8-openjdk-amd64/jre"/>
    <property name="sun.java.command" value="org.codehaus.plexus.classworlds.launcher.Launcher -Dmaven.ext.class.path=/home/sini/Netbeans/tmcbeans/java/maven-nblib/netbeans-eventspy.jar test"/>
    <property name="java.specification.vendor" value="Oracle Corporation"/>
    <property name="user.language" value="en"/>
    <property name="awt.toolkit" value="sun.awt.X11.XToolkit"/>
    <property name="java.vm.info" value="mixed mode"/>
    <property name="java.version" value="1.8.0_151"/>
    <property name="java.ext.dirs" value="/usr/lib/jvm/java-8-openjdk-amd64/jre/lib/ext:/usr/java/packages/lib/ext"/>
    <property name="securerandom.source" value="file:/dev/./urandom"/>
    <property name="sun.boot.class.path" value="/usr/lib/jvm/java-8-openjdk-amd64/jre/lib/resources.jar:/usr/lib/jvm/java-8-openjdk-amd64/jre/lib/rt.jar:/usr/lib/jvm/java-8-openjdk-amd64/jre/lib/sunrsasign.jar:/usr/lib/jvm/java-8-openjdk-amd64/jre/lib/jsse.jar:/usr/lib/jvm/java-8-openjdk-amd64/jre/lib/jce.jar:/usr/lib/jvm/java-8-openjdk-amd64/jre/lib/charsets.jar:/usr/lib/jvm/java-8-openjdk-amd64/jre/lib/jfr.jar:/usr/lib/jvm/java-8-openjdk-amd64/jre/classes"/>
    <property name="java.vendor" value="Oracle Corporation"/>
    <property name="maven.home" value="/home/sini/Netbeans/tmcbeans/java/maven"/>
    <property name="file.separator" value="/"/>
    <property name="java.vendor.url.bug" value="http://bugreport.sun.com/bugreport/"/>
    <property name="sun.cpu.endian" value="little"/>
    <property name="sun.io.unicode.encoding" value="UnicodeLittle"/>
    <property name="sun.desktop" value="gnome"/>
    <property name="sun.cpu.isalist" value=""/>
  </properties>
  <testcase classname="com.mycompany.unicafe.KassapaateTest" name="syoMaukkaastiKateisellaKassanRahamaaraKasvaa" time="0.003"/>
  <testcase classname="com.mycompany.unicafe.KassapaateTest" name="syoEdullisestiRahanRiittaessaMyytyjenLounaidenMaaraKasvaa" time="0.002"/>
  <testcase classname="com.mycompany.unicafe.KassapaateTest" name="syoMaukkaastiKateisellaRahaEiRiitaPalautetaanVaihtorahana" time="0"/>
  <testcase classname="com.mycompany.unicafe.KassapaateTest" name="kortilleEiVoiLadataNegatiivistaSummaa" time="0"/>
  <testcase classname="com.mycompany.unicafe.KassapaateTest" name="syoEdullisestiKortillaKassanRahamaaraMuuttumaton" time="0"/>
  <testcase classname="com.mycompany.unicafe.KassapaateTest" name="kassapaatteessaOikeaMaaraRahaaAlussa" time="0"/>
  <testcase classname="com.mycompany.unicafe.KassapaateTest" name="kortilleLadataanRahaaSaldoMuuttuu" time="0"/>
  <testcase classname="com.mycompany.unicafe.KassapaateTest" name="syoEdullisestiRahaEiRiitaaMyytyjenLounaidenMaaraEiMuutu" time="0"/>
  <testcase classname="com.mycompany.unicafe.KassapaateTest" name="syoEdullisestiKateisellaKassanRahamaaraKasvaa" time="0"/>
  <testcase classname="com.mycompany.unicafe.KassapaateTest" name="syoMaukkaastiRahanRiittaessaMyytyjenLounaidenMaaraKasvaa" time="0"/>
  <testcase classname="com.mycompany.unicafe.KassapaateTest" name="syoMaukkaastiRahatEiRiitaPalautaFalse" time="0"/>
  <testcase classname="com.mycompany.unicafe.KassapaateTest" name="syoMaukkaastiKortillaKassanRahamaaraMuuttumaton" time="0"/>
  <testcase classname="com.mycompany.unicafe.KassapaateTest" name="syoEdullisestiRahatEiRiitaPalautaFalse" time="0"/>
  <testcase classname="com.mycompany.unicafe.KassapaateTest" name="syoMaukkaastiKortillaRahatEiRiitaMyytyjenLounaidenMaaraEiMuutu" time="0"/>
  <testcase classname="com.mycompany.unicafe.KassapaateTest" name="syoEdullisestiKateisellaRahaEiRiitaPalautetaanVaihtorahana" time="0.001"/>
  <testcase classname="com.mycompany.unicafe.KassapaateTest" name="syoMaukkaastiRahaEiRiitaMyytyjenLounaidenMaaraEiMuutu" time="0"/>
  <testcase classname="com.mycompany.unicafe.KassapaateTest" name="syoMaukkaastiKortillaRahatEiRiitaSaldoEiMuutu" time="0"/>
  <testcase classname="com.mycompany.unicafe.KassapaateTest" name="syoEdullisestiKateisellaRahaEiRiitaKassanRahamaaraEiMuutu" time="0"/>
  <testcase classname="com.mycompany.unicafe.KassapaateTest" name="syoEdullisestiKorttiOstoSummaVeloitetaanOikein" time="0"/>
  <testcase classname="com.mycompany.unicafe.KassapaateTest" name="syoEdullisestiKortillaMyytyjenLounaidenMaaraKasvaa" time="0"/>
  <testcase classname="com.mycompany.unicafe.KassapaateTest" name="syoMaukkaastiKortillaMyytyjenLounaidenMaaraKasvaa" time="0"/>
  <testcase classname="com.mycompany.unicafe.KassapaateTest" name="syoMaukkaastiKortillaRahatRiittaaPalauttaaTrue" time="0"/>
  <testcase classname="com.mycompany.unicafe.KassapaateTest" name="syoMaukkaastiKateisellaRahaEiRiitaKassanRahamaaraEiMuutu" time="0.001"/>
  <testcase classname="com.mycompany.unicafe.KassapaateTest" name="kortilleLadattuArvoKasvattaaKassanRahamaaraa" time="0"/>
  <testcase classname="com.mycompany.unicafe.KassapaateTest" name="syoEdullisestiKortillaRahatRiittaaPalauttaaTrue" time="0"/>
  <testcase classname="com.mycompany.unicafe.KassapaateTest" name="syoEdullisestiKortillaRahatEiRiitaMyytyjenLounaidenMaaraEiMuutu" time="0.001"/>
  <testcase classname="com.mycompany.unicafe.KassapaateTest" name="syoMaukkaastiKateismaksussaVaihtorahaToimii" time="0"/>
  <testcase classname="com.mycompany.unicafe.KassapaateTest" name="lounaidenMaaraAlussaOikea" time="0.001"/>
  <testcase classname="com.mycompany.unicafe.KassapaateTest" name="syoEdullisestiKateismaksussaVaihtorahaToimii" time="0"/>
  <testcase classname="com.mycompany.unicafe.KassapaateTest" name="syoEdullisestiKortillaRahatEiRiitaSaldoEiMuutu" time="0.004"/>
  <testcase classname="com.mycompany.unicafe.KassapaateTest" name="syoMaukkaastiKorttiOstoSummaVeloitetaanOikein" time="0"/>
</testsuite>